<?xml version="1.0" encoding="UTF-8" ?>
<testsuite tests="20" failures="0" name="com.online.rs.uk.RsRunnerCukesTest" time="3.948" errors="0" skipped="0">
  <properties>
    <property name="java.runtime.name" value="Java(TM) SE Runtime Environment"/>
    <property name="sun.boot.library.path" value="/usr/local/java/jdk1.8.0_151/jre/lib/amd64"/>
    <property name="java.vm.version" value="25.151-b12"/>
    <property name="java.vm.vendor" value="Oracle Corporation"/>
    <property name="maven.multiModuleProjectDirectory" value="/home/inet-tech/JavaPracticeProjects/rs_comp_repo/RSAcceptanceTest"/>
    <property name="java.vendor.url" value="http://java.oracle.com/"/>
    <property name="path.separator" value=":"/>
    <property name="guice.disable.misplaced.annotation.check" value="true"/>
    <property name="java.vm.name" value="Java HotSpot(TM) 64-Bit Server VM"/>
    <property name="file.encoding.pkg" value="sun.io"/>
    <property name="user.country" value="GB"/>
    <property name="sun.java.launcher" value="SUN_STANDARD"/>
    <property name="sun.os.patch.level" value="unknown"/>
    <property name="java.vm.specification.name" value="Java Virtual Machine Specification"/>
    <property name="user.dir" value="/home/inet-tech/JavaPracticeProjects/rs_comp_repo/RSAcceptanceTest"/>
    <property name="java.runtime.version" value="1.8.0_151-b12"/>
    <property name="java.awt.graphicsenv" value="sun.awt.X11GraphicsEnvironment"/>
    <property name="java.endorsed.dirs" value="/usr/local/java/jdk1.8.0_151/jre/lib/endorsed"/>
    <property name="os.arch" value="amd64"/>
    <property name="java.io.tmpdir" value="/tmp"/>
    <property name="line.separator" value="
"/>
    <property name="java.vm.specification.vendor" value="Oracle Corporation"/>
    <property name="os.name" value="Linux"/>
    <property name="classworlds.conf" value="/usr/local/apache-maven/bin/m2.conf"/>
    <property name="sun.jnu.encoding" value="UTF-8"/>
    <property name="java.library.path" value="/usr/java/packages/lib/amd64:/usr/lib64:/lib64:/lib:/usr/lib"/>
    <property name="maven.conf" value="/usr/local/apache-maven/conf"/>
    <property name="java.specification.name" value="Java Platform API Specification"/>
    <property name="java.class.version" value="52.0"/>
    <property name="sun.management.compiler" value="HotSpot 64-Bit Tiered Compilers"/>
    <property name="os.version" value="4.13.0-26-generic"/>
    <property name="library.jansi.path" value="/usr/local/apache-maven/lib/jansi-native"/>
    <property name="user.home" value="/home/inet-tech"/>
    <property name="user.timezone" value="Europe/London"/>
    <property name="java.awt.printerjob" value="sun.print.PSPrinterJob"/>
    <property name="java.specification.version" value="1.8"/>
    <property name="file.encoding" value="UTF-8"/>
    <property name="user.name" value="inet-tech"/>
    <property name="java.class.path" value="/usr/local/apache-maven/boot/plexus-classworlds-2.5.2.jar"/>
    <property name="java.vm.specification.version" value="1.8"/>
    <property name="sun.arch.data.model" value="64"/>
    <property name="java.home" value="/usr/local/java/jdk1.8.0_151/jre"/>
    <property name="sun.java.command" value="org.codehaus.plexus.classworlds.launcher.Launcher test"/>
    <property name="java.specification.vendor" value="Oracle Corporation"/>
    <property name="user.language" value="en"/>
    <property name="awt.toolkit" value="sun.awt.X11.XToolkit"/>
    <property name="java.vm.info" value="mixed mode"/>
    <property name="java.version" value="1.8.0_151"/>
    <property name="java.ext.dirs" value="/usr/local/java/jdk1.8.0_151/jre/lib/ext:/usr/java/packages/lib/ext"/>
    <property name="securerandom.source" value="file:/dev/./urandom"/>
    <property name="sun.boot.class.path" value="/usr/local/java/jdk1.8.0_151/jre/lib/resources.jar:/usr/local/java/jdk1.8.0_151/jre/lib/rt.jar:/usr/local/java/jdk1.8.0_151/jre/lib/sunrsasign.jar:/usr/local/java/jdk1.8.0_151/jre/lib/jsse.jar:/usr/local/java/jdk1.8.0_151/jre/lib/jce.jar:/usr/local/java/jdk1.8.0_151/jre/lib/charsets.jar:/usr/local/java/jdk1.8.0_151/jre/lib/jfr.jar:/usr/local/java/jdk1.8.0_151/jre/classes"/>
    <property name="java.vendor" value="Oracle Corporation"/>
    <property name="maven.home" value="/usr/local/apache-maven"/>
    <property name="file.separator" value="/"/>
    <property name="java.vendor.url.bug" value="http://bugreport.sun.com/bugreport/"/>
    <property name="sun.cpu.endian" value="little"/>
    <property name="sun.io.unicode.encoding" value="UnicodeLittle"/>
    <property name="sun.desktop" value="gnome"/>
    <property name="sun.cpu.isalist" value=""/>
  </properties>
  <testcase classname="| Reusable gloves | Acrylic | Acrylic |" name="Given I have searched for an item by category &quot;Reusable gloves&quot;" time="0.558"/>
  <testcase classname="| Reusable gloves | Acrylic | Acrylic |" name="When I filter by Glove Material &quot;Acrylic&quot;" time="0.01"/>
  <testcase classname="| Reusable gloves | Acrylic | Acrylic |" name="Then I should see the &quot;Acrylic&quot; in Glove Material column" time="0.004"/>
  <testcase classname="| Reusable gloves | Acrylic | Acrylic |" name="| Reusable gloves | Acrylic | Acrylic |" time="2.289"/>
  <testcase classname="| Reusable gloves | Ansell | Ansell |" name="Given I a have searched for a product by category &quot;Reusable gloves&quot;" time="0"/>
  <testcase classname="| Reusable gloves | Ansell | Ansell |" name="When I filter by brand &quot;Ansell&quot;" time="0"/>
  <testcase classname="| Reusable gloves | Ansell | Ansell |" name="Then I should see the &quot;Ansell&quot; in the description" time="0"/>
  <testcase classname="| Reusable gloves | Ansell | Ansell |" name="| Reusable gloves | Ansell | Ansell |" time="0.19"/>
  <testcase classname="| Reusable gloves | One Size | One Size |" name="Given I a have searched for a particular product by category &quot;Reusable gloves&quot;" time="0"/>
  <testcase classname="| Reusable gloves | One Size | One Size |" name="When I filter by glove size &quot;One Size&quot;" time="0.005"/>
  <testcase classname="| Reusable gloves | One Size | One Size |" name="Then I should see the &quot;One Size&quot; in the Glove Size section" time="0"/>
  <testcase classname="| Reusable gloves | One Size | One Size |" name="| Reusable gloves | One Size | One Size |" time="0.262"/>
  <testcase classname="Scenario: Search for an item test" name="Given I am on the home page of the application" time="0"/>
  <testcase classname="Scenario: Search for an item test" name="When I search for an item by name" time="0.002"/>
  <testcase classname="Scenario: Search for an item test" name="Then I should be able to see the Item price" time="0.001"/>
  <testcase classname="Scenario: Search for an item test" name="Scenario: Search for an item test" time="0.317"/>
  <testcase classname="Scenario: Search for an item by stock number test" name="Given I am on the default page of the application" time="0"/>
  <testcase classname="Scenario: Search for an item by stock number test" name="When I search for an item by RS stock &quot;912-0239&quot; and &quot;1&quot; and click on Add to Basket button" time="0"/>
  <testcase classname="Scenario: Search for an item by stock number test" name="Then I should be able to see details of the item searched &quot;FLIR E4 Thermal Imaging Camera, Temp Range: -20 → +250 °C 80 x 60pixel RS Cal&quot; in the basket" time="0"/>
  <testcase classname="Scenario: Search for an item by stock number test" name="Scenario: Search for an item by stock number test" time="0.31"/>
</testsuite>